<?xml version="1.0" encoding="UTF-8"?>
<testsuites><testsuite tests="1"><testcase classname="classname1" name="name1" /></testsuite>
</testsuites>
